<?xml version="1.0" encoding="UTF-8"?>
<testsuite name="the user open the app and try pay a credit but the user not have a credit" tests="1" skipped="0" failures="0" errors="0" timestamp="2022-02-03T23:35:29" hostname="DESKTOP-UUUUNC8" time="23.725">
  <properties/>
  <testcase name="the user wants to pay a credit but cannot because he does not have one" classname="the user open the app and try pay a credit but the user not have a credit" time="23.725"/>
  <system-out><![CDATA[18:35:29.829 [Test worker] DEBUG io.cucumber.core.plugin.SerenityReporter - Running feature from file:///C:/Users/juanf/IdeaProjects/AutoSistecreditoMovil/src/test/resources/features/sistecredito.feature
18:35:29.965 [Test worker] INFO  - 
  _____   ___   ___   _____     ___   _____     _     ___   _____   ___   ___  
 |_   _| | __| / __| |_   _|   / __| |_   _|   /_\   | _ \ |_   _| | __| |   \ 
   | |   | _|  \__ \   | |     \__ \   | |    / _ \  |   /   | |   | _|  | |) |
   |_|   |___| |___/   |_|     |___/   |_|   /_/ \_\ |_|_\   |_|   |___| |___/ 

the user wants to pay a credit but cannot because he does not have one(the-user-open-the-app-and-try-pay-a-credit-but-the-user-not-have-a-credit;the-user-wants-to-pay-a-credit-but-cannot-because-he-does-not-have-one)
--------------------------------------------------------------------------------
18:35:30.055 [Test worker] DEBUG net.thucydides.core.requirements.model.cucumber.CucumberParser - Added feature the user open the app and try pay a credit but the user not have a credit
18:35:30.495 [Test worker] DEBUG io.netty.util.internal.logging.InternalLoggerFactory - Using SLF4J as the default logging framework
18:35:30.502 [Test worker] DEBUG io.netty.util.ResourceLeakDetector - -Dio.netty.leakDetection.level: simple
18:35:30.502 [Test worker] DEBUG io.netty.util.ResourceLeakDetector - -Dio.netty.leakDetection.targetRecords: 4
18:35:30.514 [Test worker] DEBUG io.netty.util.ResourceLeakDetectorFactory - Loaded default ResourceLeakDetector: io.netty.util.ResourceLeakDetector@7514c99
18:35:30.555 [Test worker] DEBUG io.netty.util.internal.PlatformDependent0 - -Dio.netty.noUnsafe: false
18:35:30.562 [Test worker] DEBUG io.netty.util.internal.PlatformDependent0 - Java version: 8
18:35:30.565 [Test worker] DEBUG io.netty.util.internal.PlatformDependent0 - sun.misc.Unsafe.theUnsafe: available
18:35:30.567 [Test worker] DEBUG io.netty.util.internal.PlatformDependent0 - sun.misc.Unsafe.copyMemory: available
18:35:30.568 [Test worker] DEBUG io.netty.util.internal.PlatformDependent0 - java.nio.Buffer.address: available
18:35:30.569 [Test worker] DEBUG io.netty.util.internal.PlatformDependent0 - direct buffer constructor: available
18:35:30.571 [Test worker] DEBUG io.netty.util.internal.PlatformDependent0 - java.nio.Bits.unaligned: available, true
18:35:30.572 [Test worker] DEBUG io.netty.util.internal.PlatformDependent0 - jdk.internal.misc.Unsafe.allocateUninitializedArray(int): unavailable prior to Java9
18:35:30.572 [Test worker] DEBUG io.netty.util.internal.PlatformDependent0 - java.nio.DirectByteBuffer.<init>(long, int): available
18:35:30.583 [Test worker] DEBUG io.netty.util.internal.PlatformDependent - sun.misc.Unsafe: available
18:35:30.585 [Test worker] DEBUG io.netty.util.internal.PlatformDependent - -Dio.netty.tmpdir: C:\Users\juanf\AppData\Local\Temp (java.io.tmpdir)
18:35:30.585 [Test worker] DEBUG io.netty.util.internal.PlatformDependent - -Dio.netty.bitMode: 64 (sun.arch.data.model)
18:35:30.586 [Test worker] DEBUG io.netty.util.internal.PlatformDependent - Platform: Windows
18:35:30.588 [Test worker] DEBUG io.netty.util.internal.PlatformDependent - -Dio.netty.maxDirectMemory: 477626368 bytes
18:35:30.588 [Test worker] DEBUG io.netty.util.internal.PlatformDependent - -Dio.netty.uninitializedArrayAllocationThreshold: -1
18:35:30.590 [Test worker] DEBUG io.netty.util.internal.CleanerJava6 - java.nio.ByteBuffer.cleaner(): available
18:35:30.591 [Test worker] DEBUG io.netty.util.internal.PlatformDependent - -Dio.netty.noPreferDirect: false
18:35:30.606 [Test worker] DEBUG io.netty.util.internal.PlatformDependent - org.jctools-core.MpscChunkedArrayQueue: available
18:35:30.641 [Test worker] DEBUG io.netty.util.internal.InternalThreadLocalMap - -Dio.netty.threadLocalMap.stringBuilder.initialSize: 1024
18:35:30.641 [Test worker] DEBUG io.netty.util.internal.InternalThreadLocalMap - -Dio.netty.threadLocalMap.stringBuilder.maxSize: 4096
18:35:31.334 [Test worker] DEBUG io.netty.handler.ssl.JdkSslContext - Default protocols (JDK): [TLSv1.2, TLSv1.1, TLSv1] 
18:35:31.334 [Test worker] DEBUG io.netty.handler.ssl.JdkSslContext - Default cipher suites (JDK): [TLS_ECDHE_ECDSA_WITH_AES_256_GCM_SHA384, TLS_ECDHE_ECDSA_WITH_AES_128_GCM_SHA256, TLS_ECDHE_RSA_WITH_AES_128_GCM_SHA256, TLS_ECDHE_RSA_WITH_AES_256_GCM_SHA384, TLS_ECDHE_RSA_WITH_AES_128_CBC_SHA, TLS_ECDHE_RSA_WITH_AES_256_CBC_SHA, TLS_RSA_WITH_AES_128_GCM_SHA256, TLS_RSA_WITH_AES_128_CBC_SHA, TLS_RSA_WITH_AES_256_CBC_SHA, TLS_AES_128_GCM_SHA256, TLS_AES_256_GCM_SHA384]
18:35:31.403 [Test worker] DEBUG io.netty.channel.MultithreadEventLoopGroup - -Dio.netty.eventLoopThreads: 8
18:35:31.426 [Test worker] DEBUG io.netty.channel.nio.NioEventLoop - -Dio.netty.noKeySetOptimization: false
18:35:31.426 [Test worker] DEBUG io.netty.channel.nio.NioEventLoop - -Dio.netty.selectorAutoRebuildThreshold: 512
18:35:31.468 [Test worker] DEBUG io.netty.buffer.PooledByteBufAllocator - -Dio.netty.allocator.numHeapArenas: 1
18:35:31.468 [Test worker] DEBUG io.netty.buffer.PooledByteBufAllocator - -Dio.netty.allocator.numDirectArenas: 1
18:35:31.469 [Test worker] DEBUG io.netty.buffer.PooledByteBufAllocator - -Dio.netty.allocator.pageSize: 8192
18:35:31.469 [Test worker] DEBUG io.netty.buffer.PooledByteBufAllocator - -Dio.netty.allocator.maxOrder: 11
18:35:31.469 [Test worker] DEBUG io.netty.buffer.PooledByteBufAllocator - -Dio.netty.allocator.chunkSize: 16777216
18:35:31.469 [Test worker] DEBUG io.netty.buffer.PooledByteBufAllocator - -Dio.netty.allocator.smallCacheSize: 256
18:35:31.469 [Test worker] DEBUG io.netty.buffer.PooledByteBufAllocator - -Dio.netty.allocator.normalCacheSize: 64
18:35:31.469 [Test worker] DEBUG io.netty.buffer.PooledByteBufAllocator - -Dio.netty.allocator.maxCachedBufferCapacity: 32768
18:35:31.470 [Test worker] DEBUG io.netty.buffer.PooledByteBufAllocator - -Dio.netty.allocator.cacheTrimInterval: 8192
18:35:31.470 [Test worker] DEBUG io.netty.buffer.PooledByteBufAllocator - -Dio.netty.allocator.cacheTrimIntervalMillis: 600000
18:35:31.470 [Test worker] DEBUG io.netty.buffer.PooledByteBufAllocator - -Dio.netty.allocator.useCacheForAllThreads: false
18:35:31.470 [Test worker] DEBUG io.netty.buffer.PooledByteBufAllocator - -Dio.netty.allocator.maxCachedByteBuffersPerChunk: 1023
18:35:31.485 [Test worker] DEBUG io.netty.buffer.ByteBufUtil - -Dio.netty.allocator.type: pooled
18:35:31.485 [Test worker] DEBUG io.netty.buffer.ByteBufUtil - -Dio.netty.threadLocalDirectBufferSize: 0
18:35:31.485 [Test worker] DEBUG io.netty.buffer.ByteBufUtil - -Dio.netty.maxThreadLocalCharBufferSize: 16384
18:35:31.836 [Forwarding newSession on session null to remote] DEBUG io.netty.channel.DefaultChannelId - -Dio.netty.processId: 50563 (user-set)
18:35:31.838 [Forwarding newSession on session null to remote] DEBUG io.netty.channel.DefaultChannelId - -Dio.netty.machineId: 28:f0:76:ff:fe:16:65:0e (user-set)
18:35:31.923 [AsyncHttpClient-1-2] DEBUG io.netty.buffer.AbstractByteBuf - -Dio.netty.buffer.checkAccessible: true
18:35:31.923 [AsyncHttpClient-1-2] DEBUG io.netty.buffer.AbstractByteBuf - -Dio.netty.buffer.checkBounds: true
18:35:31.923 [AsyncHttpClient-1-2] DEBUG io.netty.util.ResourceLeakDetectorFactory - Loaded default ResourceLeakDetector: io.netty.util.ResourceLeakDetector@54fcdda2
18:35:31.942 [AsyncHttpClient-1-2] DEBUG org.asynchttpclient.netty.channel.NettyConnectListener - Using new Channel '[id: 0x5883a020, L:/127.0.0.1:61146 - R:/127.0.0.1:4723]' for 'POST' to '/wd/hub/session'
18:35:31.971 [AsyncHttpClient-1-2] DEBUG io.netty.util.Recycler - -Dio.netty.recycler.maxCapacityPerThread: 4096
18:35:31.971 [AsyncHttpClient-1-2] DEBUG io.netty.util.Recycler - -Dio.netty.recycler.maxSharedCapacityFactor: 2
18:35:31.971 [AsyncHttpClient-1-2] DEBUG io.netty.util.Recycler - -Dio.netty.recycler.linkCapacity: 16
18:35:31.971 [AsyncHttpClient-1-2] DEBUG io.netty.util.Recycler - -Dio.netty.recycler.ratio: 8
18:35:31.971 [AsyncHttpClient-1-2] DEBUG io.netty.util.Recycler - -Dio.netty.recycler.delayedQueue.ratio: 8
18:35:39.666 [AsyncHttpClient-1-2] DEBUG io.netty.handler.codec.compression.Brotli - brotli4j not in the classpath; Brotli support will be unavailable.
18:35:39.666 [AsyncHttpClient-1-2] DEBUG org.asynchttpclient.netty.handler.HttpHandler - 

Request DefaultHttpRequest(decodeResult: success, version: HTTP/1.1)
POST /wd/hub/session HTTP/1.1
X-Idempotency-Key: ab601650-e895-4fbe-a8ad-25274e1f942a
User-Agent: selenium/4.0.0 (java windows)
Content-Length: 343
Content-Type: application/json; charset=utf-8
host: 127.0.0.1:4723
accept: */*

Response DefaultHttpResponse(decodeResult: success, version: HTTP/1.1)
HTTP/1.1 200 OK
X-Powered-By: Express
Vary: X-HTTP-Method-Override
Content-Type: application/json; charset=utf-8
ETag: W/"392-7DxXGuFmNGDo1VvfrzxrR0ubdWA"
Date: Thu, 03 Feb 2022 23:35:39 GMT
Connection: keep-alive
content-length: 914

18:35:39.683 [AsyncHttpClient-1-2] DEBUG org.asynchttpclient.netty.channel.ChannelManager - Adding key: http://127.0.0.1:4723 for channel [id: 0x5883a020, L:/127.0.0.1:61146 - R:/127.0.0.1:4723]
18:35:39.830 [Forwarding setTimeout on session 88261ad0-e36e-4b4b-b1e8-533f1e479de9 to remote] DEBUG org.asynchttpclient.netty.request.NettyRequestSender - Using pooled Channel '[id: 0x5883a020, L:/127.0.0.1:61146 - R:/127.0.0.1:4723]' for 'POST' to 'http://127.0.0.1:4723/wd/hub/session/88261ad0-e36e-4b4b-b1e8-533f1e479de9/timeouts'
18:35:39.830 [Forwarding setTimeout on session 88261ad0-e36e-4b4b-b1e8-533f1e479de9 to remote] DEBUG org.asynchttpclient.netty.request.NettyRequestSender - Using open Channel [id: 0x5883a020, L:/127.0.0.1:61146 - R:/127.0.0.1:4723] for POST '/wd/hub/session/88261ad0-e36e-4b4b-b1e8-533f1e479de9/timeouts'
18:35:39.845 [AsyncHttpClient-1-2] DEBUG org.asynchttpclient.netty.handler.HttpHandler - 

Request DefaultHttpRequest(decodeResult: success, version: HTTP/1.1)
POST /wd/hub/session/88261ad0-e36e-4b4b-b1e8-533f1e479de9/timeouts HTTP/1.1
User-Agent: selenium/4.0.0 (java windows)
Content-Length: 23
Content-Type: application/json; charset=utf-8
host: 127.0.0.1:4723
accept: */*

Response DefaultHttpResponse(decodeResult: success, version: HTTP/1.1)
HTTP/1.1 200 OK
X-Powered-By: Express
Vary: X-HTTP-Method-Override
Content-Type: application/json; charset=utf-8
ETag: W/"e-9/1BuKMgFObM1mWJm+YjxtXJnUM"
Date: Thu, 03 Feb 2022 23:35:39 GMT
Connection: keep-alive
content-length: 14

18:35:39.846 [AsyncHttpClient-1-2] DEBUG org.asynchttpclient.netty.channel.ChannelManager - Adding key: http://127.0.0.1:4723 for channel [id: 0x5883a020, L:/127.0.0.1:61146 - R:/127.0.0.1:4723]
18:35:39.923 [Test worker] DEBUG net.serenitybdd.core.photography.Darkroom - Opening darkroom
18:35:39.926 [Darkroom Processing Line] DEBUG net.serenitybdd.core.photography.DarkroomProcessingLine - Darkroom processing line starting up
18:35:39.931 [Forwarding screenshot on session 88261ad0-e36e-4b4b-b1e8-533f1e479de9 to remote] DEBUG org.asynchttpclient.netty.request.NettyRequestSender - Using pooled Channel '[id: 0x5883a020, L:/127.0.0.1:61146 - R:/127.0.0.1:4723]' for 'GET' to 'http://127.0.0.1:4723/wd/hub/session/88261ad0-e36e-4b4b-b1e8-533f1e479de9/screenshot'
18:35:39.931 [Forwarding screenshot on session 88261ad0-e36e-4b4b-b1e8-533f1e479de9 to remote] DEBUG org.asynchttpclient.netty.request.NettyRequestSender - Using open Channel [id: 0x5883a020, L:/127.0.0.1:61146 - R:/127.0.0.1:4723] for GET '/wd/hub/session/88261ad0-e36e-4b4b-b1e8-533f1e479de9/screenshot'
18:35:40.262 [AsyncHttpClient-1-2] DEBUG org.asynchttpclient.netty.handler.HttpHandler - 

Request DefaultFullHttpRequest(decodeResult: success, version: HTTP/1.1, content: EmptyByteBufBE)
GET /wd/hub/session/88261ad0-e36e-4b4b-b1e8-533f1e479de9/screenshot HTTP/1.1
User-Agent: selenium/4.0.0 (java windows)
Cache-Control: no-cache
Content-Type: application/json; charset=utf-8
host: 127.0.0.1:4723
accept: */*

Response DefaultHttpResponse(decodeResult: success, version: HTTP/1.1)
HTTP/1.1 200 OK
X-Powered-By: Express
Content-Type: application/json; charset=utf-8
ETag: W/"142aa-p+pkGJC8fbGu3smsJtgmAn4czkE"
Date: Thu, 03 Feb 2022 23:35:40 GMT
Connection: keep-alive
content-length: 82602

18:35:40.264 [AsyncHttpClient-1-2] DEBUG org.asynchttpclient.netty.channel.ChannelManager - Adding key: http://127.0.0.1:4723 for channel [id: 0x5883a020, L:/127.0.0.1:61146 - R:/127.0.0.1:4723]
18:35:40.391 [Test worker] DEBUG net.serenitybdd.core.photography.Darkroom - Send negative for processing for C:\Users\juanf\IdeaProjects\AutoSistecreditoMovil\target\site\serenity\6719bd82b9f7b4a4cfaafd9f9ef1897cde4272ab64208d68a9531db7da757a99.png
18:35:40.392 [Darkroom Processing Line] DEBUG net.serenitybdd.core.photography.DarkroomProcessingLine - Processing screenshot image in /var/screenshots/screenshot-1561668086489520789
18:35:40.393 [Darkroom Processing Line] DEBUG net.serenitybdd.core.photography.DarkroomProcessingLine - Saving screenshot to C:\Users\juanf\IdeaProjects\AutoSistecreditoMovil\target\site\serenity\6719bd82b9f7b4a4cfaafd9f9ef1897cde4272ab64208d68a9531db7da757a99.png
18:35:41.059 [Forwarding screenshot on session 88261ad0-e36e-4b4b-b1e8-533f1e479de9 to remote] DEBUG org.asynchttpclient.netty.request.NettyRequestSender - Using pooled Channel '[id: 0x5883a020, L:/127.0.0.1:61146 - R:/127.0.0.1:4723]' for 'GET' to 'http://127.0.0.1:4723/wd/hub/session/88261ad0-e36e-4b4b-b1e8-533f1e479de9/screenshot'
18:35:41.060 [Forwarding screenshot on session 88261ad0-e36e-4b4b-b1e8-533f1e479de9 to remote] DEBUG org.asynchttpclient.netty.request.NettyRequestSender - Using open Channel [id: 0x5883a020, L:/127.0.0.1:61146 - R:/127.0.0.1:4723] for GET '/wd/hub/session/88261ad0-e36e-4b4b-b1e8-533f1e479de9/screenshot'
18:35:41.401 [AsyncHttpClient-1-2] DEBUG org.asynchttpclient.netty.handler.HttpHandler - 

Request DefaultFullHttpRequest(decodeResult: success, version: HTTP/1.1, content: EmptyByteBufBE)
GET /wd/hub/session/88261ad0-e36e-4b4b-b1e8-533f1e479de9/screenshot HTTP/1.1
User-Agent: selenium/4.0.0 (java windows)
Cache-Control: no-cache
Content-Type: application/json; charset=utf-8
host: 127.0.0.1:4723
accept: */*

Response DefaultHttpResponse(decodeResult: success, version: HTTP/1.1)
HTTP/1.1 200 OK
X-Powered-By: Express
Content-Type: application/json; charset=utf-8
ETag: W/"140de-vy43ttzFQD+wZaeMRxeBYw5ZXFc"
Date: Thu, 03 Feb 2022 23:35:41 GMT
Connection: keep-alive
content-length: 82142

18:35:41.403 [AsyncHttpClient-1-2] DEBUG org.asynchttpclient.netty.channel.ChannelManager - Adding key: http://127.0.0.1:4723 for channel [id: 0x5883a020, L:/127.0.0.1:61146 - R:/127.0.0.1:4723]
18:35:41.411 [Test worker] DEBUG net.serenitybdd.core.photography.Darkroom - Send negative for processing for C:\Users\juanf\IdeaProjects\AutoSistecreditoMovil\target\site\serenity\4cf84077526dd4e2de24f83ea9fb8970a1e347f6b0105174ea9fde0625685f2f.png
18:35:41.414 [Darkroom Processing Line] DEBUG net.serenitybdd.core.photography.DarkroomProcessingLine - Processing screenshot image in /var/screenshots/screenshot-1082967871710114951
18:35:41.414 [Darkroom Processing Line] DEBUG net.serenitybdd.core.photography.DarkroomProcessingLine - Saving screenshot to C:\Users\juanf\IdeaProjects\AutoSistecreditoMovil\target\site\serenity\4cf84077526dd4e2de24f83ea9fb8970a1e347f6b0105174ea9fde0625685f2f.png
18:35:41.415 [Test worker] DEBUG net.thucydides.core.steps.StepInterceptor - STARTING STEP: realizarPagoTask.performAs - {0} clicks on #target
18:35:41.419 [Test worker] DEBUG net.serenitybdd.screenplay.targets.IFrameSwitcher - default content already selected for btn pago rapido
18:35:41.597 [Forwarding findElement on session 88261ad0-e36e-4b4b-b1e8-533f1e479de9 to remote] DEBUG org.asynchttpclient.netty.request.NettyRequestSender - Using pooled Channel '[id: 0x5883a020, L:/127.0.0.1:61146 - R:/127.0.0.1:4723]' for 'POST' to 'http://127.0.0.1:4723/wd/hub/session/88261ad0-e36e-4b4b-b1e8-533f1e479de9/element'
18:35:41.598 [Forwarding findElement on session 88261ad0-e36e-4b4b-b1e8-533f1e479de9 to remote] DEBUG org.asynchttpclient.netty.request.NettyRequestSender - Using open Channel [id: 0x5883a020, L:/127.0.0.1:61146 - R:/127.0.0.1:4723] for POST '/wd/hub/session/88261ad0-e36e-4b4b-b1e8-533f1e479de9/element'
18:35:42.030 [AsyncHttpClient-1-2] DEBUG org.asynchttpclient.netty.handler.HttpHandler - 

Request DefaultHttpRequest(decodeResult: success, version: HTTP/1.1)
POST /wd/hub/session/88261ad0-e36e-4b4b-b1e8-533f1e479de9/element HTTP/1.1
User-Agent: selenium/4.0.0 (java windows)
Content-Length: 107
Content-Type: application/json; charset=utf-8
host: 127.0.0.1:4723
accept: */*

Response DefaultHttpResponse(decodeResult: success, version: HTTP/1.1)
HTTP/1.1 200 OK
X-Powered-By: Express
Vary: X-HTTP-Method-Override
Content-Type: application/json; charset=utf-8
ETag: W/"89-I7NkgKYpKoJqcvxc0QTcC+CvA1U"
Date: Thu, 03 Feb 2022 23:35:42 GMT
Connection: keep-alive
content-length: 137

18:35:42.031 [AsyncHttpClient-1-2] DEBUG org.asynchttpclient.netty.channel.ChannelManager - Adding key: http://127.0.0.1:4723 for channel [id: 0x5883a020, L:/127.0.0.1:61146 - R:/127.0.0.1:4723]
18:35:42.055 [Forwarding isElementDisplayed on session 88261ad0-e36e-4b4b-b1e8-533f1e479de9 to remote] DEBUG org.asynchttpclient.netty.request.NettyRequestSender - Using pooled Channel '[id: 0x5883a020, L:/127.0.0.1:61146 - R:/127.0.0.1:4723]' for 'GET' to 'http://127.0.0.1:4723/wd/hub/session/88261ad0-e36e-4b4b-b1e8-533f1e479de9/element/00000000-0000-065a-ffff-ffff0000001b/displayed'
18:35:42.056 [Forwarding isElementDisplayed on session 88261ad0-e36e-4b4b-b1e8-533f1e479de9 to remote] DEBUG org.asynchttpclient.netty.request.NettyRequestSender - Using open Channel [id: 0x5883a020, L:/127.0.0.1:61146 - R:/127.0.0.1:4723] for GET '/wd/hub/session/88261ad0-e36e-4b4b-b1e8-533f1e479de9/element/00000000-0000-065a-ffff-ffff0000001b/displayed'
18:35:42.075 [AsyncHttpClient-1-2] DEBUG org.asynchttpclient.netty.handler.HttpHandler - 

Request DefaultFullHttpRequest(decodeResult: success, version: HTTP/1.1, content: EmptyByteBufBE)
GET /wd/hub/session/88261ad0-e36e-4b4b-b1e8-533f1e479de9/element/00000000-0000-065a-ffff-ffff0000001b/displayed HTTP/1.1
User-Agent: selenium/4.0.0 (java windows)
Cache-Control: no-cache
Content-Type: application/json; charset=utf-8
host: 127.0.0.1:4723
accept: */*

Response DefaultHttpResponse(decodeResult: success, version: HTTP/1.1)
HTTP/1.1 200 OK
X-Powered-By: Express
Content-Type: application/json; charset=utf-8
ETag: W/"e-2ZHvAWebNQpyjGZTg6uyV8/spTo"
Date: Thu, 03 Feb 2022 23:35:42 GMT
Connection: keep-alive
content-length: 14

18:35:42.075 [AsyncHttpClient-1-2] DEBUG org.asynchttpclient.netty.channel.ChannelManager - Adding key: http://127.0.0.1:4723 for channel [id: 0x5883a020, L:/127.0.0.1:61146 - R:/127.0.0.1:4723]
18:35:42.092 [Forwarding findElement on session 88261ad0-e36e-4b4b-b1e8-533f1e479de9 to remote] DEBUG org.asynchttpclient.netty.request.NettyRequestSender - Using pooled Channel '[id: 0x5883a020, L:/127.0.0.1:61146 - R:/127.0.0.1:4723]' for 'POST' to 'http://127.0.0.1:4723/wd/hub/session/88261ad0-e36e-4b4b-b1e8-533f1e479de9/element'
18:35:42.092 [Forwarding findElement on session 88261ad0-e36e-4b4b-b1e8-533f1e479de9 to remote] DEBUG org.asynchttpclient.netty.request.NettyRequestSender - Using open Channel [id: 0x5883a020, L:/127.0.0.1:61146 - R:/127.0.0.1:4723] for POST '/wd/hub/session/88261ad0-e36e-4b4b-b1e8-533f1e479de9/element'
18:35:42.160 [AsyncHttpClient-1-2] DEBUG org.asynchttpclient.netty.handler.HttpHandler - 

Request DefaultHttpRequest(decodeResult: success, version: HTTP/1.1)
POST /wd/hub/session/88261ad0-e36e-4b4b-b1e8-533f1e479de9/element HTTP/1.1
User-Agent: selenium/4.0.0 (java windows)
Content-Length: 107
Content-Type: application/json; charset=utf-8
host: 127.0.0.1:4723
accept: */*

Response DefaultHttpResponse(decodeResult: success, version: HTTP/1.1)
HTTP/1.1 200 OK
X-Powered-By: Express
Vary: X-HTTP-Method-Override
Content-Type: application/json; charset=utf-8
ETag: W/"89-I7NkgKYpKoJqcvxc0QTcC+CvA1U"
Date: Thu, 03 Feb 2022 23:35:42 GMT
Connection: keep-alive
content-length: 137

18:35:42.161 [AsyncHttpClient-1-2] DEBUG org.asynchttpclient.netty.channel.ChannelManager - Adding key: http://127.0.0.1:4723 for channel [id: 0x5883a020, L:/127.0.0.1:61146 - R:/127.0.0.1:4723]
18:35:42.164 [Forwarding clickElement on session 88261ad0-e36e-4b4b-b1e8-533f1e479de9 to remote] DEBUG org.asynchttpclient.netty.request.NettyRequestSender - Using pooled Channel '[id: 0x5883a020, L:/127.0.0.1:61146 - R:/127.0.0.1:4723]' for 'POST' to 'http://127.0.0.1:4723/wd/hub/session/88261ad0-e36e-4b4b-b1e8-533f1e479de9/element/00000000-0000-065a-ffff-ffff0000001b/click'
18:35:42.164 [Forwarding clickElement on session 88261ad0-e36e-4b4b-b1e8-533f1e479de9 to remote] DEBUG org.asynchttpclient.netty.request.NettyRequestSender - Using open Channel [id: 0x5883a020, L:/127.0.0.1:61146 - R:/127.0.0.1:4723] for POST '/wd/hub/session/88261ad0-e36e-4b4b-b1e8-533f1e479de9/element/00000000-0000-065a-ffff-ffff0000001b/click'
18:35:42.210 [AsyncHttpClient-1-2] DEBUG org.asynchttpclient.netty.handler.HttpHandler - 

Request DefaultHttpRequest(decodeResult: success, version: HTTP/1.1)
POST /wd/hub/session/88261ad0-e36e-4b4b-b1e8-533f1e479de9/element/00000000-0000-065a-ffff-ffff0000001b/click HTTP/1.1
User-Agent: selenium/4.0.0 (java windows)
Content-Length: 50
Content-Type: application/json; charset=utf-8
host: 127.0.0.1:4723
accept: */*

Response DefaultHttpResponse(decodeResult: success, version: HTTP/1.1)
HTTP/1.1 200 OK
X-Powered-By: Express
Vary: X-HTTP-Method-Override
Content-Type: application/json; charset=utf-8
ETag: W/"e-9/1BuKMgFObM1mWJm+YjxtXJnUM"
Date: Thu, 03 Feb 2022 23:35:42 GMT
Connection: keep-alive
content-length: 14

18:35:42.211 [AsyncHttpClient-1-2] DEBUG org.asynchttpclient.netty.channel.ChannelManager - Adding key: http://127.0.0.1:4723 for channel [id: 0x5883a020, L:/127.0.0.1:61146 - R:/127.0.0.1:4723]
18:35:42.244 [Forwarding screenshot on session 88261ad0-e36e-4b4b-b1e8-533f1e479de9 to remote] DEBUG org.asynchttpclient.netty.request.NettyRequestSender - Using pooled Channel '[id: 0x5883a020, L:/127.0.0.1:61146 - R:/127.0.0.1:4723]' for 'GET' to 'http://127.0.0.1:4723/wd/hub/session/88261ad0-e36e-4b4b-b1e8-533f1e479de9/screenshot'
18:35:42.244 [Forwarding screenshot on session 88261ad0-e36e-4b4b-b1e8-533f1e479de9 to remote] DEBUG org.asynchttpclient.netty.request.NettyRequestSender - Using open Channel [id: 0x5883a020, L:/127.0.0.1:61146 - R:/127.0.0.1:4723] for GET '/wd/hub/session/88261ad0-e36e-4b4b-b1e8-533f1e479de9/screenshot'
18:35:42.758 [AsyncHttpClient-1-2] DEBUG org.asynchttpclient.netty.handler.HttpHandler - 

Request DefaultFullHttpRequest(decodeResult: success, version: HTTP/1.1, content: EmptyByteBufBE)
GET /wd/hub/session/88261ad0-e36e-4b4b-b1e8-533f1e479de9/screenshot HTTP/1.1
User-Agent: selenium/4.0.0 (java windows)
Cache-Control: no-cache
Content-Type: application/json; charset=utf-8
host: 127.0.0.1:4723
accept: */*

Response DefaultHttpResponse(decodeResult: success, version: HTTP/1.1)
HTTP/1.1 200 OK
X-Powered-By: Express
Content-Type: application/json; charset=utf-8
ETag: W/"1d338-gQx+iIDL1cRnH3V4qlKd53EvNgQ"
Date: Thu, 03 Feb 2022 23:35:42 GMT
Connection: keep-alive
content-length: 119608

18:35:42.760 [AsyncHttpClient-1-2] DEBUG org.asynchttpclient.netty.channel.ChannelManager - Adding key: http://127.0.0.1:4723 for channel [id: 0x5883a020, L:/127.0.0.1:61146 - R:/127.0.0.1:4723]
18:35:42.766 [Test worker] DEBUG net.serenitybdd.core.photography.Darkroom - Send negative for processing for C:\Users\juanf\IdeaProjects\AutoSistecreditoMovil\target\site\serenity\5c808cf42ec3a103d59db205803a4ac3ce7ce581ab316001b383fdcdeabeb8a5.png
18:35:42.767 [Darkroom Processing Line] DEBUG net.serenitybdd.core.photography.DarkroomProcessingLine - Processing screenshot image in /var/screenshots/screenshot-4147949874731465974
18:35:42.767 [Darkroom Processing Line] DEBUG net.serenitybdd.core.photography.DarkroomProcessingLine - Saving screenshot to C:\Users\juanf\IdeaProjects\AutoSistecreditoMovil\target\site\serenity\5c808cf42ec3a103d59db205803a4ac3ce7ce581ab316001b383fdcdeabeb8a5.png
18:35:42.767 [Test worker] DEBUG net.thucydides.core.steps.StepInterceptor - STEP DONE: {0} clicks on #target
18:35:42.827 [Forwarding screenshot on session 88261ad0-e36e-4b4b-b1e8-533f1e479de9 to remote] DEBUG org.asynchttpclient.netty.request.NettyRequestSender - Using pooled Channel '[id: 0x5883a020, L:/127.0.0.1:61146 - R:/127.0.0.1:4723]' for 'GET' to 'http://127.0.0.1:4723/wd/hub/session/88261ad0-e36e-4b4b-b1e8-533f1e479de9/screenshot'
18:35:42.827 [Forwarding screenshot on session 88261ad0-e36e-4b4b-b1e8-533f1e479de9 to remote] DEBUG org.asynchttpclient.netty.request.NettyRequestSender - Using open Channel [id: 0x5883a020, L:/127.0.0.1:61146 - R:/127.0.0.1:4723] for GET '/wd/hub/session/88261ad0-e36e-4b4b-b1e8-533f1e479de9/screenshot'
18:35:43.217 [AsyncHttpClient-1-2] DEBUG org.asynchttpclient.netty.handler.HttpHandler - 

Request DefaultFullHttpRequest(decodeResult: success, version: HTTP/1.1, content: EmptyByteBufBE)
GET /wd/hub/session/88261ad0-e36e-4b4b-b1e8-533f1e479de9/screenshot HTTP/1.1
User-Agent: selenium/4.0.0 (java windows)
Cache-Control: no-cache
Content-Type: application/json; charset=utf-8
host: 127.0.0.1:4723
accept: */*

Response DefaultHttpResponse(decodeResult: success, version: HTTP/1.1)
HTTP/1.1 200 OK
X-Powered-By: Express
Content-Type: application/json; charset=utf-8
ETag: W/"12f2a-PfNXIOCG6ik50R0kqqHiT11xtfc"
Date: Thu, 03 Feb 2022 23:35:43 GMT
Connection: keep-alive
content-length: 77610

18:35:43.218 [AsyncHttpClient-1-2] DEBUG org.asynchttpclient.netty.channel.ChannelManager - Adding key: http://127.0.0.1:4723 for channel [id: 0x5883a020, L:/127.0.0.1:61146 - R:/127.0.0.1:4723]
18:35:43.225 [Test worker] DEBUG net.serenitybdd.core.photography.Darkroom - Send negative for processing for C:\Users\juanf\IdeaProjects\AutoSistecreditoMovil\target\site\serenity\a2b5a67225201fa6a0890c2e27c229c2bfa97f48066b21661d376ed32b77d1d2.png
18:35:43.226 [Darkroom Processing Line] DEBUG net.serenitybdd.core.photography.DarkroomProcessingLine - Processing screenshot image in /var/screenshots/screenshot-2264524544490779373
18:35:43.226 [Test worker] DEBUG net.thucydides.core.steps.StepInterceptor - STARTING STEP: realizarPagoTask.performAs - {0} enters #theTextAsAString into #target
18:35:43.226 [Darkroom Processing Line] DEBUG net.serenitybdd.core.photography.DarkroomProcessingLine - Saving screenshot to C:\Users\juanf\IdeaProjects\AutoSistecreditoMovil\target\site\serenity\a2b5a67225201fa6a0890c2e27c229c2bfa97f48066b21661d376ed32b77d1d2.png
18:35:43.229 [Test worker] DEBUG net.serenitybdd.screenplay.targets.IFrameSwitcher - default content already selected for campo cedula
18:35:43.278 [Forwarding findElement on session 88261ad0-e36e-4b4b-b1e8-533f1e479de9 to remote] DEBUG org.asynchttpclient.netty.request.NettyRequestSender - Using pooled Channel '[id: 0x5883a020, L:/127.0.0.1:61146 - R:/127.0.0.1:4723]' for 'POST' to 'http://127.0.0.1:4723/wd/hub/session/88261ad0-e36e-4b4b-b1e8-533f1e479de9/element'
18:35:43.278 [Forwarding findElement on session 88261ad0-e36e-4b4b-b1e8-533f1e479de9 to remote] DEBUG org.asynchttpclient.netty.request.NettyRequestSender - Using open Channel [id: 0x5883a020, L:/127.0.0.1:61146 - R:/127.0.0.1:4723] for POST '/wd/hub/session/88261ad0-e36e-4b4b-b1e8-533f1e479de9/element'
18:35:45.607 [AsyncHttpClient-1-2] DEBUG org.asynchttpclient.netty.handler.HttpHandler - 

Request DefaultHttpRequest(decodeResult: success, version: HTTP/1.1)
POST /wd/hub/session/88261ad0-e36e-4b4b-b1e8-533f1e479de9/element HTTP/1.1
User-Agent: selenium/4.0.0 (java windows)
Content-Length: 468
Content-Type: application/json; charset=utf-8
host: 127.0.0.1:4723
accept: */*

Response DefaultHttpResponse(decodeResult: success, version: HTTP/1.1)
HTTP/1.1 200 OK
X-Powered-By: Express
Vary: X-HTTP-Method-Override
Content-Type: application/json; charset=utf-8
ETag: W/"89-00EOPrgWjjyu349qNQ8a+swOz3w"
Date: Thu, 03 Feb 2022 23:35:45 GMT
Connection: keep-alive
content-length: 137

18:35:45.608 [AsyncHttpClient-1-2] DEBUG org.asynchttpclient.netty.channel.ChannelManager - Adding key: http://127.0.0.1:4723 for channel [id: 0x5883a020, L:/127.0.0.1:61146 - R:/127.0.0.1:4723]
18:35:45.610 [Forwarding clearElement on session 88261ad0-e36e-4b4b-b1e8-533f1e479de9 to remote] DEBUG org.asynchttpclient.netty.request.NettyRequestSender - Using pooled Channel '[id: 0x5883a020, L:/127.0.0.1:61146 - R:/127.0.0.1:4723]' for 'POST' to 'http://127.0.0.1:4723/wd/hub/session/88261ad0-e36e-4b4b-b1e8-533f1e479de9/element/00000000-0000-065b-0000-003c0000002a/clear'
18:35:45.611 [Forwarding clearElement on session 88261ad0-e36e-4b4b-b1e8-533f1e479de9 to remote] DEBUG org.asynchttpclient.netty.request.NettyRequestSender - Using open Channel [id: 0x5883a020, L:/127.0.0.1:61146 - R:/127.0.0.1:4723] for POST '/wd/hub/session/88261ad0-e36e-4b4b-b1e8-533f1e479de9/element/00000000-0000-065b-0000-003c0000002a/clear'
18:35:45.638 [AsyncHttpClient-1-2] DEBUG org.asynchttpclient.netty.handler.HttpHandler - 

Request DefaultHttpRequest(decodeResult: success, version: HTTP/1.1)
POST /wd/hub/session/88261ad0-e36e-4b4b-b1e8-533f1e479de9/element/00000000-0000-065b-0000-003c0000002a/clear HTTP/1.1
User-Agent: selenium/4.0.0 (java windows)
Content-Length: 50
Content-Type: application/json; charset=utf-8
host: 127.0.0.1:4723
accept: */*

Response DefaultHttpResponse(decodeResult: success, version: HTTP/1.1)
HTTP/1.1 200 OK
X-Powered-By: Express
Vary: X-HTTP-Method-Override
Content-Type: application/json; charset=utf-8
ETag: W/"e-9/1BuKMgFObM1mWJm+YjxtXJnUM"
Date: Thu, 03 Feb 2022 23:35:45 GMT
Connection: keep-alive
content-length: 14

18:35:45.639 [AsyncHttpClient-1-2] DEBUG org.asynchttpclient.netty.channel.ChannelManager - Adding key: http://127.0.0.1:4723 for channel [id: 0x5883a020, L:/127.0.0.1:61146 - R:/127.0.0.1:4723]
18:35:45.662 [Forwarding sendKeysToElement on session 88261ad0-e36e-4b4b-b1e8-533f1e479de9 to remote] DEBUG org.asynchttpclient.netty.request.NettyRequestSender - Using pooled Channel '[id: 0x5883a020, L:/127.0.0.1:61146 - R:/127.0.0.1:4723]' for 'POST' to 'http://127.0.0.1:4723/wd/hub/session/88261ad0-e36e-4b4b-b1e8-533f1e479de9/element/00000000-0000-065b-0000-003c0000002a/value'
18:35:45.662 [Forwarding sendKeysToElement on session 88261ad0-e36e-4b4b-b1e8-533f1e479de9 to remote] DEBUG org.asynchttpclient.netty.request.NettyRequestSender - Using open Channel [id: 0x5883a020, L:/127.0.0.1:61146 - R:/127.0.0.1:4723] for POST '/wd/hub/session/88261ad0-e36e-4b4b-b1e8-533f1e479de9/element/00000000-0000-065b-0000-003c0000002a/value'
18:35:46.189 [AsyncHttpClient-1-2] DEBUG org.asynchttpclient.netty.handler.HttpHandler - 

Request DefaultHttpRequest(decodeResult: success, version: HTTP/1.1)
POST /wd/hub/session/88261ad0-e36e-4b4b-b1e8-533f1e479de9/element/00000000-0000-065b-0000-003c0000002a/value HTTP/1.1
User-Agent: selenium/4.0.0 (java windows)
Content-Length: 161
Content-Type: application/json; charset=utf-8
host: 127.0.0.1:4723
accept: */*

Response DefaultHttpResponse(decodeResult: success, version: HTTP/1.1)
HTTP/1.1 200 OK
X-Powered-By: Express
Vary: X-HTTP-Method-Override
Content-Type: application/json; charset=utf-8
ETag: W/"e-9/1BuKMgFObM1mWJm+YjxtXJnUM"
Date: Thu, 03 Feb 2022 23:35:46 GMT
Connection: keep-alive
content-length: 14

18:35:46.190 [AsyncHttpClient-1-2] DEBUG org.asynchttpclient.netty.channel.ChannelManager - Adding key: http://127.0.0.1:4723 for channel [id: 0x5883a020, L:/127.0.0.1:61146 - R:/127.0.0.1:4723]
18:35:46.219 [Forwarding screenshot on session 88261ad0-e36e-4b4b-b1e8-533f1e479de9 to remote] DEBUG org.asynchttpclient.netty.request.NettyRequestSender - Using pooled Channel '[id: 0x5883a020, L:/127.0.0.1:61146 - R:/127.0.0.1:4723]' for 'GET' to 'http://127.0.0.1:4723/wd/hub/session/88261ad0-e36e-4b4b-b1e8-533f1e479de9/screenshot'
18:35:46.219 [Forwarding screenshot on session 88261ad0-e36e-4b4b-b1e8-533f1e479de9 to remote] DEBUG org.asynchttpclient.netty.request.NettyRequestSender - Using open Channel [id: 0x5883a020, L:/127.0.0.1:61146 - R:/127.0.0.1:4723] for GET '/wd/hub/session/88261ad0-e36e-4b4b-b1e8-533f1e479de9/screenshot'
18:35:46.602 [AsyncHttpClient-1-2] DEBUG org.asynchttpclient.netty.handler.HttpHandler - 

Request DefaultFullHttpRequest(decodeResult: success, version: HTTP/1.1, content: EmptyByteBufBE)
GET /wd/hub/session/88261ad0-e36e-4b4b-b1e8-533f1e479de9/screenshot HTTP/1.1
User-Agent: selenium/4.0.0 (java windows)
Cache-Control: no-cache
Content-Type: application/json; charset=utf-8
host: 127.0.0.1:4723
accept: */*

Response DefaultHttpResponse(decodeResult: success, version: HTTP/1.1)
HTTP/1.1 200 OK
X-Powered-By: Express
Content-Type: application/json; charset=utf-8
ETag: W/"28a66-ChccVunLdalCpxO8WYUo9y+VqNw"
Date: Thu, 03 Feb 2022 23:35:46 GMT
Connection: keep-alive
content-length: 166502

18:35:46.605 [AsyncHttpClient-1-2] DEBUG org.asynchttpclient.netty.channel.ChannelManager - Adding key: http://127.0.0.1:4723 for channel [id: 0x5883a020, L:/127.0.0.1:61146 - R:/127.0.0.1:4723]
18:35:46.620 [Test worker] DEBUG net.serenitybdd.core.photography.Darkroom - Send negative for processing for C:\Users\juanf\IdeaProjects\AutoSistecreditoMovil\target\site\serenity\834589b3a81d6d96a44ac57a222be980faf3a996f7a5933f3960e1dbbb823bc8.png
18:35:46.620 [Test worker] DEBUG net.thucydides.core.steps.StepInterceptor - STEP DONE: {0} enters #theTextAsAString into #target
18:35:46.620 [Darkroom Processing Line] DEBUG net.serenitybdd.core.photography.DarkroomProcessingLine - Processing screenshot image in /var/screenshots/screenshot-7988420017152050541
18:35:46.620 [Darkroom Processing Line] DEBUG net.serenitybdd.core.photography.DarkroomProcessingLine - Saving screenshot to C:\Users\juanf\IdeaProjects\AutoSistecreditoMovil\target\site\serenity\834589b3a81d6d96a44ac57a222be980faf3a996f7a5933f3960e1dbbb823bc8.png
18:35:46.649 [Test worker] DEBUG net.thucydides.core.steps.StepInterceptor - STARTING STEP: realizarPagoTask.performAs - {0} clicks on #target
18:35:46.651 [Test worker] DEBUG net.serenitybdd.screenplay.targets.IFrameSwitcher - default content already selected for btn continar
18:35:46.717 [AsyncHttpClient-1-1] DEBUG org.asynchttpclient.netty.channel.DefaultChannelPool - Entry count for : http://127.0.0.1:4723 : 1
18:35:46.762 [Forwarding findElement on session 88261ad0-e36e-4b4b-b1e8-533f1e479de9 to remote] DEBUG org.asynchttpclient.netty.request.NettyRequestSender - Using pooled Channel '[id: 0x5883a020, L:/127.0.0.1:61146 - R:/127.0.0.1:4723]' for 'POST' to 'http://127.0.0.1:4723/wd/hub/session/88261ad0-e36e-4b4b-b1e8-533f1e479de9/element'
18:35:46.762 [Forwarding findElement on session 88261ad0-e36e-4b4b-b1e8-533f1e479de9 to remote] DEBUG org.asynchttpclient.netty.request.NettyRequestSender - Using open Channel [id: 0x5883a020, L:/127.0.0.1:61146 - R:/127.0.0.1:4723] for POST '/wd/hub/session/88261ad0-e36e-4b4b-b1e8-533f1e479de9/element'
18:35:47.123 [AsyncHttpClient-1-2] DEBUG org.asynchttpclient.netty.handler.HttpHandler - 

Request DefaultHttpRequest(decodeResult: success, version: HTTP/1.1)
POST /wd/hub/session/88261ad0-e36e-4b4b-b1e8-533f1e479de9/element HTTP/1.1
User-Agent: selenium/4.0.0 (java windows)
Content-Length: 466
Content-Type: application/json; charset=utf-8
host: 127.0.0.1:4723
accept: */*

Response DefaultHttpResponse(decodeResult: success, version: HTTP/1.1)
HTTP/1.1 200 OK
X-Powered-By: Express
Vary: X-HTTP-Method-Override
Content-Type: application/json; charset=utf-8
ETag: W/"89-pkD6OElDFko9hycZBeRyPH1S4Xo"
Date: Thu, 03 Feb 2022 23:35:47 GMT
Connection: keep-alive
content-length: 137

18:35:47.123 [AsyncHttpClient-1-2] DEBUG org.asynchttpclient.netty.channel.ChannelManager - Adding key: http://127.0.0.1:4723 for channel [id: 0x5883a020, L:/127.0.0.1:61146 - R:/127.0.0.1:4723]
18:35:47.156 [Forwarding isElementDisplayed on session 88261ad0-e36e-4b4b-b1e8-533f1e479de9 to remote] DEBUG org.asynchttpclient.netty.request.NettyRequestSender - Using pooled Channel '[id: 0x5883a020, L:/127.0.0.1:61146 - R:/127.0.0.1:4723]' for 'GET' to 'http://127.0.0.1:4723/wd/hub/session/88261ad0-e36e-4b4b-b1e8-533f1e479de9/element/00000000-0000-065b-0000-00540000002a/displayed'
18:35:47.156 [Forwarding isElementDisplayed on session 88261ad0-e36e-4b4b-b1e8-533f1e479de9 to remote] DEBUG org.asynchttpclient.netty.request.NettyRequestSender - Using open Channel [id: 0x5883a020, L:/127.0.0.1:61146 - R:/127.0.0.1:4723] for GET '/wd/hub/session/88261ad0-e36e-4b4b-b1e8-533f1e479de9/element/00000000-0000-065b-0000-00540000002a/displayed'
18:35:47.192 [AsyncHttpClient-1-2] DEBUG org.asynchttpclient.netty.handler.HttpHandler - 

Request DefaultFullHttpRequest(decodeResult: success, version: HTTP/1.1, content: EmptyByteBufBE)
GET /wd/hub/session/88261ad0-e36e-4b4b-b1e8-533f1e479de9/element/00000000-0000-065b-0000-00540000002a/displayed HTTP/1.1
User-Agent: selenium/4.0.0 (java windows)
Cache-Control: no-cache
Content-Type: application/json; charset=utf-8
host: 127.0.0.1:4723
accept: */*

Response DefaultHttpResponse(decodeResult: success, version: HTTP/1.1)
HTTP/1.1 200 OK
X-Powered-By: Express
Content-Type: application/json; charset=utf-8
ETag: W/"e-2ZHvAWebNQpyjGZTg6uyV8/spTo"
Date: Thu, 03 Feb 2022 23:35:47 GMT
Connection: keep-alive
content-length: 14

18:35:47.193 [AsyncHttpClient-1-2] DEBUG org.asynchttpclient.netty.channel.ChannelManager - Adding key: http://127.0.0.1:4723 for channel [id: 0x5883a020, L:/127.0.0.1:61146 - R:/127.0.0.1:4723]
18:35:47.245 [Forwarding findElement on session 88261ad0-e36e-4b4b-b1e8-533f1e479de9 to remote] DEBUG org.asynchttpclient.netty.request.NettyRequestSender - Using pooled Channel '[id: 0x5883a020, L:/127.0.0.1:61146 - R:/127.0.0.1:4723]' for 'POST' to 'http://127.0.0.1:4723/wd/hub/session/88261ad0-e36e-4b4b-b1e8-533f1e479de9/element'
18:35:47.245 [Forwarding findElement on session 88261ad0-e36e-4b4b-b1e8-533f1e479de9 to remote] DEBUG org.asynchttpclient.netty.request.NettyRequestSender - Using open Channel [id: 0x5883a020, L:/127.0.0.1:61146 - R:/127.0.0.1:4723] for POST '/wd/hub/session/88261ad0-e36e-4b4b-b1e8-533f1e479de9/element'
18:35:47.345 [AsyncHttpClient-1-2] DEBUG org.asynchttpclient.netty.handler.HttpHandler - 

Request DefaultHttpRequest(decodeResult: success, version: HTTP/1.1)
POST /wd/hub/session/88261ad0-e36e-4b4b-b1e8-533f1e479de9/element HTTP/1.1
User-Agent: selenium/4.0.0 (java windows)
Content-Length: 466
Content-Type: application/json; charset=utf-8
host: 127.0.0.1:4723
accept: */*

Response DefaultHttpResponse(decodeResult: success, version: HTTP/1.1)
HTTP/1.1 200 OK
X-Powered-By: Express
Vary: X-HTTP-Method-Override
Content-Type: application/json; charset=utf-8
ETag: W/"89-pkD6OElDFko9hycZBeRyPH1S4Xo"
Date: Thu, 03 Feb 2022 23:35:47 GMT
Connection: keep-alive
content-length: 137

18:35:47.345 [AsyncHttpClient-1-2] DEBUG org.asynchttpclient.netty.channel.ChannelManager - Adding key: http://127.0.0.1:4723 for channel [id: 0x5883a020, L:/127.0.0.1:61146 - R:/127.0.0.1:4723]
18:35:47.348 [Forwarding clickElement on session 88261ad0-e36e-4b4b-b1e8-533f1e479de9 to remote] DEBUG org.asynchttpclient.netty.request.NettyRequestSender - Using pooled Channel '[id: 0x5883a020, L:/127.0.0.1:61146 - R:/127.0.0.1:4723]' for 'POST' to 'http://127.0.0.1:4723/wd/hub/session/88261ad0-e36e-4b4b-b1e8-533f1e479de9/element/00000000-0000-065b-0000-00540000002a/click'
18:35:47.348 [Forwarding clickElement on session 88261ad0-e36e-4b4b-b1e8-533f1e479de9 to remote] DEBUG org.asynchttpclient.netty.request.NettyRequestSender - Using open Channel [id: 0x5883a020, L:/127.0.0.1:61146 - R:/127.0.0.1:4723] for POST '/wd/hub/session/88261ad0-e36e-4b4b-b1e8-533f1e479de9/element/00000000-0000-065b-0000-00540000002a/click'
18:35:47.418 [AsyncHttpClient-1-2] DEBUG org.asynchttpclient.netty.handler.HttpHandler - 

Request DefaultHttpRequest(decodeResult: success, version: HTTP/1.1)
POST /wd/hub/session/88261ad0-e36e-4b4b-b1e8-533f1e479de9/element/00000000-0000-065b-0000-00540000002a/click HTTP/1.1
User-Agent: selenium/4.0.0 (java windows)
Content-Length: 50
Content-Type: application/json; charset=utf-8
host: 127.0.0.1:4723
accept: */*

Response DefaultHttpResponse(decodeResult: success, version: HTTP/1.1)
HTTP/1.1 200 OK
X-Powered-By: Express
Vary: X-HTTP-Method-Override
Content-Type: application/json; charset=utf-8
ETag: W/"e-9/1BuKMgFObM1mWJm+YjxtXJnUM"
Date: Thu, 03 Feb 2022 23:35:47 GMT
Connection: keep-alive
content-length: 14

18:35:47.419 [AsyncHttpClient-1-2] DEBUG org.asynchttpclient.netty.channel.ChannelManager - Adding key: http://127.0.0.1:4723 for channel [id: 0x5883a020, L:/127.0.0.1:61146 - R:/127.0.0.1:4723]
18:35:47.467 [Forwarding screenshot on session 88261ad0-e36e-4b4b-b1e8-533f1e479de9 to remote] DEBUG org.asynchttpclient.netty.request.NettyRequestSender - Using pooled Channel '[id: 0x5883a020, L:/127.0.0.1:61146 - R:/127.0.0.1:4723]' for 'GET' to 'http://127.0.0.1:4723/wd/hub/session/88261ad0-e36e-4b4b-b1e8-533f1e479de9/screenshot'
18:35:47.467 [Forwarding screenshot on session 88261ad0-e36e-4b4b-b1e8-533f1e479de9 to remote] DEBUG org.asynchttpclient.netty.request.NettyRequestSender - Using open Channel [id: 0x5883a020, L:/127.0.0.1:61146 - R:/127.0.0.1:4723] for GET '/wd/hub/session/88261ad0-e36e-4b4b-b1e8-533f1e479de9/screenshot'
18:35:47.888 [AsyncHttpClient-1-2] DEBUG org.asynchttpclient.netty.handler.HttpHandler - 

Request DefaultFullHttpRequest(decodeResult: success, version: HTTP/1.1, content: EmptyByteBufBE)
GET /wd/hub/session/88261ad0-e36e-4b4b-b1e8-533f1e479de9/screenshot HTTP/1.1
User-Agent: selenium/4.0.0 (java windows)
Cache-Control: no-cache
Content-Type: application/json; charset=utf-8
host: 127.0.0.1:4723
accept: */*

Response DefaultHttpResponse(decodeResult: success, version: HTTP/1.1)
HTTP/1.1 200 OK
X-Powered-By: Express
Content-Type: application/json; charset=utf-8
ETag: W/"247e6-VUgMQfC8rydlSOQ4I4LrG4xhdAU"
Date: Thu, 03 Feb 2022 23:35:47 GMT
Connection: keep-alive
content-length: 149478

18:35:47.890 [AsyncHttpClient-1-2] DEBUG org.asynchttpclient.netty.channel.ChannelManager - Adding key: http://127.0.0.1:4723 for channel [id: 0x5883a020, L:/127.0.0.1:61146 - R:/127.0.0.1:4723]
18:35:47.902 [Test worker] DEBUG net.serenitybdd.core.photography.Darkroom - Send negative for processing for C:\Users\juanf\IdeaProjects\AutoSistecreditoMovil\target\site\serenity\b529a6b7e4b774bf101ca00fcc25a51ad07a834b6d9aa52d932641ce9dbcbf91.png
18:35:47.902 [Test worker] DEBUG net.thucydides.core.steps.StepInterceptor - STEP DONE: {0} clicks on #target
18:35:47.903 [Darkroom Processing Line] DEBUG net.serenitybdd.core.photography.DarkroomProcessingLine - Processing screenshot image in /var/screenshots/screenshot-1118558477880676146
18:35:47.903 [Darkroom Processing Line] DEBUG net.serenitybdd.core.photography.DarkroomProcessingLine - Saving screenshot to C:\Users\juanf\IdeaProjects\AutoSistecreditoMovil\target\site\serenity\b529a6b7e4b774bf101ca00fcc25a51ad07a834b6d9aa52d932641ce9dbcbf91.png
18:35:48.207 [Forwarding screenshot on session 88261ad0-e36e-4b4b-b1e8-533f1e479de9 to remote] DEBUG org.asynchttpclient.netty.request.NettyRequestSender - Using pooled Channel '[id: 0x5883a020, L:/127.0.0.1:61146 - R:/127.0.0.1:4723]' for 'GET' to 'http://127.0.0.1:4723/wd/hub/session/88261ad0-e36e-4b4b-b1e8-533f1e479de9/screenshot'
18:35:48.207 [Forwarding screenshot on session 88261ad0-e36e-4b4b-b1e8-533f1e479de9 to remote] DEBUG org.asynchttpclient.netty.request.NettyRequestSender - Using open Channel [id: 0x5883a020, L:/127.0.0.1:61146 - R:/127.0.0.1:4723] for GET '/wd/hub/session/88261ad0-e36e-4b4b-b1e8-533f1e479de9/screenshot'
18:35:48.584 [AsyncHttpClient-1-2] DEBUG org.asynchttpclient.netty.handler.HttpHandler - 

Request DefaultFullHttpRequest(decodeResult: success, version: HTTP/1.1, content: EmptyByteBufBE)
GET /wd/hub/session/88261ad0-e36e-4b4b-b1e8-533f1e479de9/screenshot HTTP/1.1
User-Agent: selenium/4.0.0 (java windows)
Cache-Control: no-cache
Content-Type: application/json; charset=utf-8
host: 127.0.0.1:4723
accept: */*

Response DefaultHttpResponse(decodeResult: success, version: HTTP/1.1)
HTTP/1.1 200 OK
X-Powered-By: Express
Content-Type: application/json; charset=utf-8
ETag: W/"249ce-UjYvMQTzBlMTXcVZlf0csSryP8M"
Date: Thu, 03 Feb 2022 23:35:48 GMT
Connection: keep-alive
content-length: 149966

18:35:48.586 [AsyncHttpClient-1-2] DEBUG org.asynchttpclient.netty.channel.ChannelManager - Adding key: http://127.0.0.1:4723 for channel [id: 0x5883a020, L:/127.0.0.1:61146 - R:/127.0.0.1:4723]
18:35:48.595 [Test worker] DEBUG net.serenitybdd.core.photography.Darkroom - Send negative for processing for C:\Users\juanf\IdeaProjects\AutoSistecreditoMovil\target\site\serenity\19b04b5c19ce6e0c532b5e5021fec3b5198c9e80b8bfeb3efe60ff4b3972369d.png
18:35:48.596 [Darkroom Processing Line] DEBUG net.serenitybdd.core.photography.DarkroomProcessingLine - Processing screenshot image in /var/screenshots/screenshot-3292788907816499892
18:35:48.596 [Darkroom Processing Line] DEBUG net.serenitybdd.core.photography.DarkroomProcessingLine - Saving screenshot to C:\Users\juanf\IdeaProjects\AutoSistecreditoMovil\target\site\serenity\19b04b5c19ce6e0c532b5e5021fec3b5198c9e80b8bfeb3efe60ff4b3972369d.png
18:35:48.598 [Test worker] DEBUG net.serenitybdd.screenplay.targets.IFrameSwitcher - default content already selected for resultado
18:35:48.627 [Forwarding findElement on session 88261ad0-e36e-4b4b-b1e8-533f1e479de9 to remote] DEBUG org.asynchttpclient.netty.request.NettyRequestSender - Using pooled Channel '[id: 0x5883a020, L:/127.0.0.1:61146 - R:/127.0.0.1:4723]' for 'POST' to 'http://127.0.0.1:4723/wd/hub/session/88261ad0-e36e-4b4b-b1e8-533f1e479de9/element'
18:35:48.628 [Forwarding findElement on session 88261ad0-e36e-4b4b-b1e8-533f1e479de9 to remote] DEBUG org.asynchttpclient.netty.request.NettyRequestSender - Using open Channel [id: 0x5883a020, L:/127.0.0.1:61146 - R:/127.0.0.1:4723] for POST '/wd/hub/session/88261ad0-e36e-4b4b-b1e8-533f1e479de9/element'
18:35:51.729 [AsyncHttpClient-1-2] DEBUG org.asynchttpclient.netty.handler.HttpHandler - 

Request DefaultHttpRequest(decodeResult: success, version: HTTP/1.1)
POST /wd/hub/session/88261ad0-e36e-4b4b-b1e8-533f1e479de9/element HTTP/1.1
User-Agent: selenium/4.0.0 (java windows)
Content-Length: 379
Content-Type: application/json; charset=utf-8
host: 127.0.0.1:4723
accept: */*

Response DefaultHttpResponse(decodeResult: success, version: HTTP/1.1)
HTTP/1.1 200 OK
X-Powered-By: Express
Vary: X-HTTP-Method-Override
Content-Type: application/json; charset=utf-8
ETag: W/"89-nDK3e8L20C9jxy5KOlK1kTZXiUY"
Date: Thu, 03 Feb 2022 23:35:51 GMT
Connection: keep-alive
content-length: 137

18:35:51.729 [AsyncHttpClient-1-2] DEBUG org.asynchttpclient.netty.channel.ChannelManager - Adding key: http://127.0.0.1:4723 for channel [id: 0x5883a020, L:/127.0.0.1:61146 - R:/127.0.0.1:4723]
18:35:51.731 [Forwarding getElementText on session 88261ad0-e36e-4b4b-b1e8-533f1e479de9 to remote] DEBUG org.asynchttpclient.netty.request.NettyRequestSender - Using pooled Channel '[id: 0x5883a020, L:/127.0.0.1:61146 - R:/127.0.0.1:4723]' for 'GET' to 'http://127.0.0.1:4723/wd/hub/session/88261ad0-e36e-4b4b-b1e8-533f1e479de9/element/00000000-0000-065b-0000-006f0000002a/text'
18:35:51.732 [Forwarding getElementText on session 88261ad0-e36e-4b4b-b1e8-533f1e479de9 to remote] DEBUG org.asynchttpclient.netty.request.NettyRequestSender - Using open Channel [id: 0x5883a020, L:/127.0.0.1:61146 - R:/127.0.0.1:4723] for GET '/wd/hub/session/88261ad0-e36e-4b4b-b1e8-533f1e479de9/element/00000000-0000-065b-0000-006f0000002a/text'
18:35:51.755 [AsyncHttpClient-1-2] DEBUG org.asynchttpclient.netty.handler.HttpHandler - 

Request DefaultFullHttpRequest(decodeResult: success, version: HTTP/1.1, content: EmptyByteBufBE)
GET /wd/hub/session/88261ad0-e36e-4b4b-b1e8-533f1e479de9/element/00000000-0000-065b-0000-006f0000002a/text HTTP/1.1
User-Agent: selenium/4.0.0 (java windows)
Cache-Control: no-cache
Content-Type: application/json; charset=utf-8
host: 127.0.0.1:4723
accept: */*

Response DefaultHttpResponse(decodeResult: success, version: HTTP/1.1)
HTTP/1.1 200 OK
X-Powered-By: Express
Content-Type: application/json; charset=utf-8
ETag: W/"5c-DZCP8rhVJPBUWU+MN44lCzgJFK4"
Date: Thu, 03 Feb 2022 23:35:51 GMT
Connection: keep-alive
content-length: 92

18:35:51.756 [AsyncHttpClient-1-2] DEBUG org.asynchttpclient.netty.channel.ChannelManager - Adding key: http://127.0.0.1:4723 for channel [id: 0x5883a020, L:/127.0.0.1:61146 - R:/127.0.0.1:4723]
18:35:51.784 [Forwarding screenshot on session 88261ad0-e36e-4b4b-b1e8-533f1e479de9 to remote] DEBUG org.asynchttpclient.netty.request.NettyRequestSender - Using pooled Channel '[id: 0x5883a020, L:/127.0.0.1:61146 - R:/127.0.0.1:4723]' for 'GET' to 'http://127.0.0.1:4723/wd/hub/session/88261ad0-e36e-4b4b-b1e8-533f1e479de9/screenshot'
18:35:51.784 [Forwarding screenshot on session 88261ad0-e36e-4b4b-b1e8-533f1e479de9 to remote] DEBUG org.asynchttpclient.netty.request.NettyRequestSender - Using open Channel [id: 0x5883a020, L:/127.0.0.1:61146 - R:/127.0.0.1:4723] for GET '/wd/hub/session/88261ad0-e36e-4b4b-b1e8-533f1e479de9/screenshot'
18:35:52.182 [AsyncHttpClient-1-2] DEBUG org.asynchttpclient.netty.handler.HttpHandler - 

Request DefaultFullHttpRequest(decodeResult: success, version: HTTP/1.1, content: EmptyByteBufBE)
GET /wd/hub/session/88261ad0-e36e-4b4b-b1e8-533f1e479de9/screenshot HTTP/1.1
User-Agent: selenium/4.0.0 (java windows)
Cache-Control: no-cache
Content-Type: application/json; charset=utf-8
host: 127.0.0.1:4723
accept: */*

Response DefaultHttpResponse(decodeResult: success, version: HTTP/1.1)
HTTP/1.1 200 OK
X-Powered-By: Express
Content-Type: application/json; charset=utf-8
ETag: W/"26e5a-BILMA1Fo0xleNjh+HvRByM4GDFA"
Date: Thu, 03 Feb 2022 23:35:52 GMT
Connection: keep-alive
content-length: 159322

18:35:52.184 [AsyncHttpClient-1-2] DEBUG org.asynchttpclient.netty.channel.ChannelManager - Adding key: http://127.0.0.1:4723 for channel [id: 0x5883a020, L:/127.0.0.1:61146 - R:/127.0.0.1:4723]
18:35:52.201 [Test worker] DEBUG net.serenitybdd.core.photography.Darkroom - Send negative for processing for C:\Users\juanf\IdeaProjects\AutoSistecreditoMovil\target\site\serenity\11d48cb0696a6f2918d631a770285e8a59f7c6da054b58944a7ae60e2f754163.png
18:35:52.202 [Darkroom Processing Line] DEBUG net.serenitybdd.core.photography.DarkroomProcessingLine - Processing screenshot image in /var/screenshots/screenshot-3534761374190172525
18:35:52.202 [Darkroom Processing Line] DEBUG net.serenitybdd.core.photography.DarkroomProcessingLine - Saving screenshot to C:\Users\juanf\IdeaProjects\AutoSistecreditoMovil\target\site\serenity\11d48cb0696a6f2918d631a770285e8a59f7c6da054b58944a7ae60e2f754163.png
18:35:52.216 [AsyncHttpClient-1-1] DEBUG org.asynchttpclient.netty.channel.DefaultChannelPool - Entry count for : http://127.0.0.1:4723 : 1
18:35:52.230 [Test worker] INFO  - 
  _____   ___   ___   _____     ___     _     ___   ___   ___   ___  
 |_   _| | __| / __| |_   _|   | _ \   /_\   / __| / __| | __| |   \ 
   | |   | _|  \__ \   | |     |  _/  / _ \  \__ \ \__ \ | _|  | |) |
   |_|   |___| |___/   |_|     |_|   /_/ \_\ |___/ |___/ |___| |___/ 

the user wants to pay a credit but cannot because he does not have one
----------------------------------------------------------------------
18:35:52.876 [Forwarding quit on session 88261ad0-e36e-4b4b-b1e8-533f1e479de9 to remote] DEBUG org.asynchttpclient.netty.request.NettyRequestSender - Using pooled Channel '[id: 0x5883a020, L:/127.0.0.1:61146 - R:/127.0.0.1:4723]' for 'DELETE' to 'http://127.0.0.1:4723/wd/hub/session/88261ad0-e36e-4b4b-b1e8-533f1e479de9'
18:35:52.876 [Forwarding quit on session 88261ad0-e36e-4b4b-b1e8-533f1e479de9 to remote] DEBUG org.asynchttpclient.netty.request.NettyRequestSender - Using open Channel [id: 0x5883a020, L:/127.0.0.1:61146 - R:/127.0.0.1:4723] for DELETE '/wd/hub/session/88261ad0-e36e-4b4b-b1e8-533f1e479de9'
18:35:53.344 [AsyncHttpClient-1-2] DEBUG org.asynchttpclient.netty.handler.HttpHandler - 

Request DefaultFullHttpRequest(decodeResult: success, version: HTTP/1.1, content: EmptyByteBufBE)
DELETE /wd/hub/session/88261ad0-e36e-4b4b-b1e8-533f1e479de9 HTTP/1.1
User-Agent: selenium/4.0.0 (java windows)
Content-Type: application/json; charset=utf-8
host: 127.0.0.1:4723
accept: */*

Response DefaultHttpResponse(decodeResult: success, version: HTTP/1.1)
HTTP/1.1 200 OK
X-Powered-By: Express
Content-Type: application/json; charset=utf-8
ETag: W/"e-9/1BuKMgFObM1mWJm+YjxtXJnUM"
Date: Thu, 03 Feb 2022 23:35:53 GMT
Connection: keep-alive
content-length: 14

18:35:53.345 [AsyncHttpClient-1-2] DEBUG org.asynchttpclient.netty.channel.ChannelManager - Adding key: http://127.0.0.1:4723 for channel [id: 0x5883a020, L:/127.0.0.1:61146 - R:/127.0.0.1:4723]
]]></system-out>
  <system-err><![CDATA[]]></system-err>
</testsuite>
